execve("/usr/bin/clear", ["clear"], 0x7ffc0945cad8 /* 26 vars */) = 0
brk(NULL)                               = 0x55e218d9d000
arch_prctl(0x3001 /* ARCH_??? */, 0x7ffc03c14a10) = -1 EINVAL (Invalid argument)
access("/etc/ld.so.preload", R_OK)      = -1 ENOENT (No such file or directory)
openat(AT_FDCWD, "/etc/ld.so.cache", O_RDONLY|O_CLOEXEC) = 3
fstat(3, {st_mode=S_IFREG|0644, st_size=47873, ...}) = 0
mmap(NULL, 47873, PROT_READ, MAP_PRIVATE, 3, 0) = 0x7fd2658f2000
close(3)                                = 0
openat(AT_FDCWD, "/lib/x86_64-linux-gnu/libtinfo.so.6", O_RDONLY|O_CLOEXEC) = 3
read(3, "\177ELF\2\1\1\0\0\0\0\0\0\0\0\0\3\0>\0\1\0\0\0\240\346\0\0\0\0\0\0"..., 832) = 832
fstat(3, {st_mode=S_IFREG|0644, st_size=192032, ...}) = 0
mmap(NULL, 8192, PROT_READ|PROT_WRITE, MAP_PRIVATE|MAP_ANONYMOUS, -1, 0) = 0x7fd2658f0000
mmap(NULL, 194944, PROT_READ, MAP_PRIVATE|MAP_DENYWRITE, 3, 0) = 0x7fd2658c0000
mmap(0x7fd2658ce000, 61440, PROT_READ|PROT_EXEC, MAP_PRIVATE|MAP_FIXED|MAP_DENYWRITE, 3, 0xe000) = 0x7fd2658ce000
mmap(0x7fd2658dd000, 57344, PROT_READ, MAP_PRIVATE|MAP_FIXED|MAP_DENYWRITE, 3, 0x1d000) = 0x7fd2658dd000
mmap(0x7fd2658eb000, 20480, PROT_READ|PROT_WRITE, MAP_PRIVATE|MAP_FIXED|MAP_DENYWRITE, 3, 0x2a000) = 0x7fd2658eb000
close(3)                                = 0
openat(AT_FDCWD, "/lib/x86_64-linux-gnu/libc.so.6", O_RDONLY|O_CLOEXEC) = 3
read(3, "\177ELF\2\1\1\3\0\0\0\0\0\0\0\0\3\0>\0\1\0\0\0\360q\2\0\0\0\0\0"..., 832) = 832
pread64(3, "\6\0\0\0\4\0\0\0@\0\0\0\0\0\0\0@\0\0\0\0\0\0\0@\0\0\0\0\0\0\0"..., 784, 64) = 784
pread64(3, "\4\0\0\0\20\0\0\0\5\0\0\0GNU\0\2\0\0\300\4\0\0\0\3\0\0\0\0\0\0\0", 32, 848) = 32
pread64(3, "\4\0\0\0\24\0\0\0\3\0\0\0GNU\0\t\233\222%\274\260\320\31\331\326\10\204\276X>\263"..., 68, 880) = 68
fstat(3, {st_mode=S_IFREG|0755, st_size=2029224, ...}) = 0
pread64(3, "\6\0\0\0\4\0\0\0@\0\0\0\0\0\0\0@\0\0\0\0\0\0\0@\0\0\0\0\0\0\0"..., 784, 64) = 784
pread64(3, "\4\0\0\0\20\0\0\0\5\0\0\0GNU\0\2\0\0\300\4\0\0\0\3\0\0\0\0\0\0\0", 32, 848) = 32
pread64(3, "\4\0\0\0\24\0\0\0\3\0\0\0GNU\0\t\233\222%\274\260\320\31\331\326\10\204\276X>\263"..., 68, 880) = 68
mmap(NULL, 2036952, PROT_READ, MAP_PRIVATE|MAP_DENYWRITE, 3, 0) = 0x7fd2656ce000
mprotect(0x7fd2656f3000, 1847296, PROT_NONE) = 0
mmap(0x7fd2656f3000, 1540096, PROT_READ|PROT_EXEC, MAP_PRIVATE|MAP_FIXED|MAP_DENYWRITE, 3, 0x25000) = 0x7fd2656f3000
mmap(0x7fd26586b000, 303104, PROT_READ, MAP_PRIVATE|MAP_FIXED|MAP_DENYWRITE, 3, 0x19d000) = 0x7fd26586b000
mmap(0x7fd2658b6000, 24576, PROT_READ|PROT_WRITE, MAP_PRIVATE|MAP_FIXED|MAP_DENYWRITE, 3, 0x1e7000) = 0x7fd2658b6000
mmap(0x7fd2658bc000, 13528, PROT_READ|PROT_WRITE, MAP_PRIVATE|MAP_FIXED|MAP_ANONYMOUS, -1, 0) = 0x7fd2658bc000
close(3)                                = 0
mmap(NULL, 12288, PROT_READ|PROT_WRITE, MAP_PRIVATE|MAP_ANONYMOUS, -1, 0) = 0x7fd2656cb000
arch_prctl(ARCH_SET_FS, 0x7fd2656cb740) = 0
mprotect(0x7fd2658b6000, 12288, PROT_READ) = 0
mprotect(0x7fd2658eb000, 16384, PROT_READ) = 0
mprotect(0x55e217a15000, 4096, PROT_READ) = 0
mprotect(0x7fd26592b000, 4096, PROT_READ) = 0
munmap(0x7fd2658f2000, 47873)           = 0
ioctl(2, TCGETS, 0x7ffc03c14920)        = -1 ENOTTY (Inappropriate ioctl for device)
ioctl(1, TCGETS, 0x7ffc03c14920)        = -1 ENOTTY (Inappropriate ioctl for device)
ioctl(0, TCGETS, {B38400 opost isig icanon echo ...}) = 0
brk(NULL)                               = 0x55e218d9d000
brk(0x55e218dbe000)                     = 0x55e218dbe000
stat("/home/henning/.terminfo", 0x55e218d9d4e0) = -1 ENOENT (No such file or directory)
stat("/etc/terminfo", {st_mode=S_IFDIR|0755, st_size=4096, ...}) = 0
stat("/lib/terminfo", {st_mode=S_IFDIR|0755, st_size=4096, ...}) = 0
stat("/usr/share/terminfo", {st_mode=S_IFDIR|0755, st_size=4096, ...}) = 0
access("/etc/terminfo/x/xterm-256color", R_OK) = -1 ENOENT (No such file or directory)
access("/lib/terminfo/x/xterm-256color", R_OK) = 0
openat(AT_FDCWD, "/lib/terminfo/x/xterm-256color", O_RDONLY) = 3
fstat(3, {st_mode=S_IFREG|0644, st_size=3503, ...}) = 0
read(3, "\36\2%\0&\0\17\0\235\1\356\5xterm-256color|xterm"..., 32768) = 3503
read(3, "", 28672)                      = 0
close(3)                                = 0
ioctl(0, TCGETS, {B38400 opost isig icanon echo ...}) = 0
ioctl(0, TCGETS, {B38400 opost isig icanon echo ...}) = 0
ioctl(0, TCGETS, {B38400 opost isig icanon echo ...}) = 0
ioctl(0, TCGETS, {B38400 opost isig icanon echo ...}) = 0
ioctl(0, TIOCGWINSZ, {ws_row=41, ws_col=162, ws_xpixel=0, ws_ypixel=0}) = 0
fstat(1, {st_mode=S_IFREG|0777, st_size=4493, ...}) = 0
write(1, "\33[H\33[2J\33[3J", 11[H[2J[3J)       = 11
exit_group(0)                           = ?
+++ exited with 0 +++
